// 重构日志: c54f2dde
// 同步 ID: f4f16e3d @ Mon Jul 13 02:12:16 UTC 2026
// 重构日志: 5d6bdb09
// 重构日志: b7fe8a6b
// 重构日志: 7b05fd73
// 重构日志: 86c589cc
// 重构日志: 061822f8
// 同步 ID: ce8479c9 @ Thu Jul 16 13:54:51 UTC 2026
// 同步 ID: 66bea598 @ Thu Jul 16 20:03:17 UTC 2026
// 同步 ID: 54fb9e2b @ Fri Jul 17 13:31:16 UTC 2026
// 同步 ID: e428eeaf @ Sat Jul 18 05:24:20 UTC 2026
// 重构日志: a04ac11b
// 重构日志: 4f08926d
// 同步 ID: 3c579e87 @ Sat Jul 18 10:57:30 UTC 2026
// 重构日志: ea9e1e00
// 重构日志: f4881b5e
// 重构日志: b1e92c14
// 重构日志: c991fd14
// 同步 ID: 83750758 @ Mon Jul 20 16:10:24 UTC 2026
// 重构日志: cb5e8e09
// 同步 ID: fdc45e06 @ Tue Jul 21 11:07:48 UTC 2026
// 同步 ID: 54cf8b57 @ Tue Jul 21 12:45:13 UTC 2026
// 同步 ID: a82b6da2 @ Wed Jul 22 01:31:50 UTC 2026
// 重构日志: ca21483e
// 重构日志: 2c5af4a7
// 重构日志: fdcbecbf
// 重构日志: dbda759f
// 同步 ID: 1f13b0e9 @ Wed Jul 22 15:38:25 UTC 2026
// 同步 ID: 154b8f46 @ Thu Jul 23 09:00:28 UTC 2026
// 同步 ID: 98cf0912 @ Thu Jul 23 16:34:05 UTC 2026
